<!DOCTYPE html PUBLIC "-//W3C//DTD XHTML 1.1//EN" "http://www.w3.org/TR/xhtml11/DTD/xhtml11.dtd">
<html xmlns="http://www.w3.org/1999/xhtml"><head><title>TestNG Report</title><style type="text/css">table {margin-bottom:10px;border-collapse:collapse;empty-cells:show}th,td {border:1px solid #009;padding:.25em .5em}th {vertical-align:bottom}td {vertical-align:top}table a {font-weight:bold}.stripe td {background-color: #E6EBF9}.num {text-align:right}.passedodd td {background-color: #3F3}.passedeven td {background-color: #0A0}.skippedodd td {background-color: #DDD}.skippedeven td {background-color: #CCC}.failedodd td,.attn {background-color: #F33}.failedeven td,.stripe .attn {background-color: #D00}.stacktrace {white-space:pre;font-family:monospace}.totop {font-size:85%;text-align:center;border-bottom:2px solid #000}</style></head><body><table><tr><th>Test</th><th># Passed</th><th># Skipped</th><th># Failed</th><th>Time (ms)</th><th>Included Groups</th><th>Excluded Groups</th></tr><tr><th colspan="7">Suite</th></tr><tr><td><a href="#t0">Test</a></td><td class="num">20</td><td class="num">0</td><td class="num attn">12</td><td class="num">1,641,248</td><td></td><td></td></tr></table><table><thead><tr><th>Class</th><th>Method</th><th>Start</th><th>Time (ms)</th></tr></thead><tbody><tr><th colspan="4">Suite</th></tr></tbody><tbody id="t0"><tr><th colspan="4">Test &#8212; failed</th></tr><tr class="failedeven"><td rowspan="1">Dashboard.DashboardFunctionalTestCase</td><td><a href="#m0">VerifyMyReports</a></td><td rowspan="1">1454483616754</td><td rowspan="1">44109</td></tr><tr class="failedodd"><td rowspan="8">Login.InvalidTestCase</td><td><a href="#m1">BlankPassword</a></td><td rowspan="1">1454482566581</td><td rowspan="1">2943</td></tr><tr class="failedodd"><td><a href="#m2">BlankUsername</a></td><td rowspan="1">1454482127217</td><td rowspan="1">2811</td></tr><tr class="failedodd"><td><a href="#m3">InvalidEmailID</a></td><td rowspan="1">1454483444933</td><td rowspan="1">3717</td></tr><tr class="failedodd"><td><a href="#m4">InvalidHconnectID</a></td><td rowspan="1">1454483313499</td><td rowspan="1">4074</td></tr><tr class="failedodd"><td><a href="#m5">InvalidMobileNumber</a></td><td rowspan="1">1454482807646</td><td rowspan="1">3597</td></tr><tr class="failedodd"><td><a href="#m6">InvalidPwdwithEmailID</a></td><td rowspan="1">1454483509283</td><td rowspan="1">46079</td></tr><tr class="failedodd"><td><a href="#m7">InvalidPwdwithHconnectID</a></td><td rowspan="1">1454483387078</td><td rowspan="1">3585</td></tr><tr class="failedodd"><td><a href="#m8">InvalidPwdwithMobile</a></td><td rowspan="1">1454483137835</td><td rowspan="1">3520</td></tr><tr class="failedeven"><td rowspan="1">MyProfile.MyProfile</td><td><a href="#m9">AddPersonalInformation</a></td><td rowspan="1">1454482184999</td><td rowspan="1">60336</td></tr><tr class="failedodd"><td rowspan="2">VerifyReport.VerifyReports</td><td><a href="#m10">BoneDatewiseReport</a></td><td rowspan="1">1454482464702</td><td rowspan="1">62356</td></tr><tr class="failedodd"><td><a href="#m11">GlucoseDatewiseReport</a></td><td rowspan="1">1454482754015</td><td rowspan="1">27292</td></tr><tr><th colspan="4">Test &#8212; passed</th></tr><tr class="passedeven"><td rowspan="9">Dashboard.DashboardFunctionalTestCase</td><td><a href="#m12">VerifyAllergy</a></td><td rowspan="1">1454483335213</td><td rowspan="1">33803</td></tr><tr class="passedeven"><td><a href="#m13">VerifyDashboard</a></td><td rowspan="1">1454482142283</td><td rowspan="1">31729</td></tr><tr class="passedeven"><td><a href="#m14">VerifyExercise</a></td><td rowspan="1">1454483460277</td><td rowspan="1">37327</td></tr><tr class="passedeven"><td><a href="#m15">VerifyHealthEducation</a></td><td rowspan="1">1454483672830</td><td rowspan="1">42943</td></tr><tr class="passedeven"><td><a href="#m16">VerifyHome</a></td><td rowspan="1">1454482583802</td><td rowspan="1">29095</td></tr><tr class="passedeven"><td><a href="#m17">VerifyMedicalCondition</a></td><td rowspan="1">1454483162238</td><td rowspan="1">36699</td></tr><tr class="passedeven"><td><a href="#m18">VerifyMedication</a></td><td rowspan="1">1454483569761</td><td rowspan="1">33247</td></tr><tr class="passedeven"><td><a href="#m19">VerifyMyDiet</a></td><td rowspan="1">1454483404990</td><td rowspan="1">28657</td></tr><tr class="passedeven"><td><a href="#m20">VerifyProfile</a></td><td rowspan="1">1454482825916</td><td rowspan="1">48119</td></tr><tr class="passedodd"><td rowspan="4">EMC.EmergencyCardDetails</td><td><a href="#m21">Edit</a></td><td rowspan="1">1454483218295</td><td rowspan="1">84631</td></tr><tr class="passedodd"><td><a href="#m22">Print</a></td><td rowspan="1">1454483013496</td><td rowspan="1">60571</td></tr><tr class="passedodd"><td><a href="#m23">Share</a></td><td rowspan="1">1454482696247</td><td rowspan="1">43899</td></tr><tr class="passedodd"><td><a href="#m24">View</a></td><td rowspan="1">1454482423912</td><td rowspan="1">29904</td></tr><tr class="passedeven"><td rowspan="3">Login.FunctionalTestCase</td><td><a href="#m25">LoginwithEmail</a></td><td rowspan="1">1454482792650</td><td rowspan="1">1030</td></tr><tr class="passedeven"><td><a href="#m26">LoginwithHconnectID</a></td><td rowspan="1">1454482547221</td><td rowspan="1">1080</td></tr><tr class="passedeven"><td><a href="#m27">LoginwithMobile</a></td><td rowspan="1">1454482098371</td><td rowspan="1">9054</td></tr><tr class="passedodd"><td rowspan="3">Reports.ReportFunctionalTestCase</td><td><a href="#m28">AddBloodReports</a></td><td rowspan="1">1454482299679</td><td rowspan="1">109792</td></tr><tr class="passedodd"><td><a href="#m29">AddBoneReports</a></td><td rowspan="1">1454482626412</td><td rowspan="1">58603</td></tr><tr class="passedodd"><td><a href="#m30">AddGlucoseReports</a></td><td rowspan="1">1454482924065</td><td rowspan="1">71066</td></tr><tr class="passedeven"><td rowspan="1">VerifyReport.VerifyReports</td><td><a href="#m31">BloodDatewiseReport</a></td><td rowspan="1">1454483086650</td><td rowspan="1">34378</td></tr></tbody></table><h2>Test</h2><h3 id="m0">Dashboard.DashboardFunctionalTestCase#VerifyMyReports</h3><table class="result"><tr><th>Exception</th></tr><tr><td><div class="stacktrace">org.openqa.selenium.NoAlertPresentException: No alert is present (WARNING: The server did not provide any stacktrace information)
Command duration or timeout: 2.15 seconds
Build info: version: &apos;2.50.1&apos;, revision: &apos;d7fc91b&apos;, time: &apos;2016-01-29 19:04:49&apos;
System info: host: &apos;KCSPL000&apos;, ip: &apos;192.168.1.68&apos;, os.name: &apos;Windows 7&apos;, os.arch: &apos;amd64&apos;, os.version: &apos;6.1&apos;, java.version: &apos;1.7.0_09&apos;
Session ID: 06bfde31-fb59-4a89-b6b3-f0108f042376
Driver info: org.openqa.selenium.firefox.FirefoxDriver
Capabilities [{platform=WINDOWS, acceptSslCerts=true, javascriptEnabled=true, cssSelectorsEnabled=true, databaseEnabled=true, browserName=firefox, handlesAlerts=true, nativeEvents=false, webStorageEnabled=true, rotatable=false, locationContextEnabled=true, applicationCacheEnabled=true, takesScreenshot=true, version=39.0}]
	at org.openqa.selenium.remote.ErrorHandler.createThrowable(ErrorHandler.java:206)
	at org.openqa.selenium.remote.ErrorHandler.throwIfResponseFailed(ErrorHandler.java:158)
	at org.openqa.selenium.remote.RemoteWebDriver.execute(RemoteWebDriver.java:678)
	at org.openqa.selenium.remote.RemoteWebDriver.execute(RemoteWebDriver.java:701)
	at org.openqa.selenium.remote.RemoteWebDriver$RemoteTargetLocator.alert(RemoteWebDriver.java:1047)
	at Dashboard.DashboardFunctionalTestCase.VerifyMyReports(DashboardFunctionalTestCase.java:262)
... Removed 28 stack frames</div></td></tr></table><p class="totop"><a href="#summary">back to summary</a></p><h3 id="m1">Login.InvalidTestCase#BlankPassword</h3><table class="result"><tr><th>Exception</th></tr><tr><td><div class="stacktrace">org.openqa.selenium.NoAlertPresentException: No alert is present (WARNING: The server did not provide any stacktrace information)
Command duration or timeout: 2.54 seconds
Build info: version: &apos;2.50.1&apos;, revision: &apos;d7fc91b&apos;, time: &apos;2016-01-29 19:04:49&apos;
System info: host: &apos;KCSPL000&apos;, ip: &apos;192.168.1.68&apos;, os.name: &apos;Windows 7&apos;, os.arch: &apos;amd64&apos;, os.version: &apos;6.1&apos;, java.version: &apos;1.7.0_09&apos;
Session ID: 36988121-98ec-4043-b3e2-0777f8fa902e
Driver info: org.openqa.selenium.firefox.FirefoxDriver
Capabilities [{platform=WINDOWS, acceptSslCerts=true, javascriptEnabled=true, cssSelectorsEnabled=true, databaseEnabled=true, browserName=firefox, handlesAlerts=true, nativeEvents=false, webStorageEnabled=true, rotatable=false, locationContextEnabled=true, applicationCacheEnabled=true, takesScreenshot=true, version=39.0}]
	at org.openqa.selenium.remote.ErrorHandler.createThrowable(ErrorHandler.java:206)
	at org.openqa.selenium.remote.ErrorHandler.throwIfResponseFailed(ErrorHandler.java:158)
	at org.openqa.selenium.remote.RemoteWebDriver.execute(RemoteWebDriver.java:678)
	at org.openqa.selenium.remote.RemoteWebDriver.execute(RemoteWebDriver.java:701)
	at org.openqa.selenium.remote.RemoteWebDriver$RemoteTargetLocator.alert(RemoteWebDriver.java:1047)
	at Login.InvalidTestCase.BlankPassword(InvalidTestCase.java:75)
... Removed 28 stack frames</div></td></tr></table><p class="totop"><a href="#summary">back to summary</a></p><h3 id="m2">Login.InvalidTestCase#BlankUsername</h3><table class="result"><tr><th>Exception</th></tr><tr><td><div class="stacktrace">org.openqa.selenium.NoAlertPresentException: No alert is present (WARNING: The server did not provide any stacktrace information)
Command duration or timeout: 2.62 seconds
Build info: version: &apos;2.50.1&apos;, revision: &apos;d7fc91b&apos;, time: &apos;2016-01-29 19:04:49&apos;
System info: host: &apos;KCSPL000&apos;, ip: &apos;192.168.1.68&apos;, os.name: &apos;Windows 7&apos;, os.arch: &apos;amd64&apos;, os.version: &apos;6.1&apos;, java.version: &apos;1.7.0_09&apos;
Session ID: 41fcf43c-159b-443c-8332-78ef4d852057
Driver info: org.openqa.selenium.firefox.FirefoxDriver
Capabilities [{platform=WINDOWS, acceptSslCerts=true, javascriptEnabled=true, cssSelectorsEnabled=true, databaseEnabled=true, browserName=firefox, handlesAlerts=true, nativeEvents=false, webStorageEnabled=true, rotatable=false, locationContextEnabled=true, applicationCacheEnabled=true, takesScreenshot=true, version=39.0}]
	at org.openqa.selenium.remote.ErrorHandler.createThrowable(ErrorHandler.java:206)
	at org.openqa.selenium.remote.ErrorHandler.throwIfResponseFailed(ErrorHandler.java:158)
	at org.openqa.selenium.remote.RemoteWebDriver.execute(RemoteWebDriver.java:678)
	at org.openqa.selenium.remote.RemoteWebDriver.execute(RemoteWebDriver.java:701)
	at org.openqa.selenium.remote.RemoteWebDriver$RemoteTargetLocator.alert(RemoteWebDriver.java:1047)
	at Login.InvalidTestCase.BlankUsername(InvalidTestCase.java:41)
... Removed 28 stack frames</div></td></tr></table><p class="totop"><a href="#summary">back to summary</a></p><h3 id="m3">Login.InvalidTestCase#InvalidEmailID</h3><table class="result"><tr><th>Exception</th></tr><tr><td><div class="stacktrace">org.openqa.selenium.NoAlertPresentException: No alert is present (WARNING: The server did not provide any stacktrace information)
Command duration or timeout: 2.23 seconds
Build info: version: &apos;2.50.1&apos;, revision: &apos;d7fc91b&apos;, time: &apos;2016-01-29 19:04:49&apos;
System info: host: &apos;KCSPL000&apos;, ip: &apos;192.168.1.68&apos;, os.name: &apos;Windows 7&apos;, os.arch: &apos;amd64&apos;, os.version: &apos;6.1&apos;, java.version: &apos;1.7.0_09&apos;
Session ID: 869e64f2-5973-4da9-8f48-8daf317c8499
Driver info: org.openqa.selenium.firefox.FirefoxDriver
Capabilities [{platform=WINDOWS, acceptSslCerts=true, javascriptEnabled=true, cssSelectorsEnabled=true, databaseEnabled=true, browserName=firefox, handlesAlerts=true, nativeEvents=false, webStorageEnabled=true, rotatable=false, locationContextEnabled=true, applicationCacheEnabled=true, takesScreenshot=true, version=39.0}]
	at org.openqa.selenium.remote.ErrorHandler.createThrowable(ErrorHandler.java:206)
	at org.openqa.selenium.remote.ErrorHandler.throwIfResponseFailed(ErrorHandler.java:158)
	at org.openqa.selenium.remote.RemoteWebDriver.execute(RemoteWebDriver.java:678)
	at org.openqa.selenium.remote.RemoteWebDriver.execute(RemoteWebDriver.java:701)
	at org.openqa.selenium.remote.RemoteWebDriver$RemoteTargetLocator.alert(RemoteWebDriver.java:1047)
	at Login.InvalidTestCase.InvalidEmailID(InvalidTestCase.java:245)
... Removed 28 stack frames</div></td></tr></table><p class="totop"><a href="#summary">back to summary</a></p><h3 id="m4">Login.InvalidTestCase#InvalidHconnectID</h3><table class="result"><tr><th>Exception</th></tr><tr><td><div class="stacktrace">org.openqa.selenium.NoAlertPresentException: No alert is present (WARNING: The server did not provide any stacktrace information)
Command duration or timeout: 2.16 seconds
Build info: version: &apos;2.50.1&apos;, revision: &apos;d7fc91b&apos;, time: &apos;2016-01-29 19:04:49&apos;
System info: host: &apos;KCSPL000&apos;, ip: &apos;192.168.1.68&apos;, os.name: &apos;Windows 7&apos;, os.arch: &apos;amd64&apos;, os.version: &apos;6.1&apos;, java.version: &apos;1.7.0_09&apos;
Session ID: 3de9855e-bb68-4c18-8d69-ce86d563df9f
Driver info: org.openqa.selenium.firefox.FirefoxDriver
Capabilities [{platform=WINDOWS, acceptSslCerts=true, javascriptEnabled=true, cssSelectorsEnabled=true, databaseEnabled=true, browserName=firefox, handlesAlerts=true, nativeEvents=false, webStorageEnabled=true, rotatable=false, locationContextEnabled=true, applicationCacheEnabled=true, takesScreenshot=true, version=39.0}]
	at org.openqa.selenium.remote.ErrorHandler.createThrowable(ErrorHandler.java:206)
	at org.openqa.selenium.remote.ErrorHandler.throwIfResponseFailed(ErrorHandler.java:158)
	at org.openqa.selenium.remote.RemoteWebDriver.execute(RemoteWebDriver.java:678)
	at org.openqa.selenium.remote.RemoteWebDriver.execute(RemoteWebDriver.java:701)
	at org.openqa.selenium.remote.RemoteWebDriver$RemoteTargetLocator.alert(RemoteWebDriver.java:1047)
	at Login.InvalidTestCase.InvalidHconnectID(InvalidTestCase.java:177)
... Removed 28 stack frames</div></td></tr></table><p class="totop"><a href="#summary">back to summary</a></p><h3 id="m5">Login.InvalidTestCase#InvalidMobileNumber</h3><table class="result"><tr><th>Exception</th></tr><tr><td><div class="stacktrace">org.openqa.selenium.NoAlertPresentException: No alert is present (WARNING: The server did not provide any stacktrace information)
Command duration or timeout: 2.23 seconds
Build info: version: &apos;2.50.1&apos;, revision: &apos;d7fc91b&apos;, time: &apos;2016-01-29 19:04:49&apos;
System info: host: &apos;KCSPL000&apos;, ip: &apos;192.168.1.68&apos;, os.name: &apos;Windows 7&apos;, os.arch: &apos;amd64&apos;, os.version: &apos;6.1&apos;, java.version: &apos;1.7.0_09&apos;
Session ID: b66e4f6e-2c95-416b-96df-4293251b17fe
Driver info: org.openqa.selenium.firefox.FirefoxDriver
Capabilities [{platform=WINDOWS, acceptSslCerts=true, javascriptEnabled=true, cssSelectorsEnabled=true, databaseEnabled=true, browserName=firefox, handlesAlerts=true, nativeEvents=false, webStorageEnabled=true, rotatable=false, locationContextEnabled=true, applicationCacheEnabled=true, takesScreenshot=true, version=39.0}]
	at org.openqa.selenium.remote.ErrorHandler.createThrowable(ErrorHandler.java:206)
	at org.openqa.selenium.remote.ErrorHandler.throwIfResponseFailed(ErrorHandler.java:158)
	at org.openqa.selenium.remote.RemoteWebDriver.execute(RemoteWebDriver.java:678)
	at org.openqa.selenium.remote.RemoteWebDriver.execute(RemoteWebDriver.java:701)
	at org.openqa.selenium.remote.RemoteWebDriver$RemoteTargetLocator.alert(RemoteWebDriver.java:1047)
	at Login.InvalidTestCase.InvalidMobileNumber(InvalidTestCase.java:109)
... Removed 28 stack frames</div></td></tr></table><p class="totop"><a href="#summary">back to summary</a></p><h3 id="m6">Login.InvalidTestCase#InvalidPwdwithEmailID</h3><table class="result"><tr><th>Exception</th></tr><tr><td><div class="stacktrace">org.openqa.selenium.NoAlertPresentException: No alert is present (WARNING: The server did not provide any stacktrace information)
Command duration or timeout: 2.15 seconds
Build info: version: &apos;2.50.1&apos;, revision: &apos;d7fc91b&apos;, time: &apos;2016-01-29 19:04:49&apos;
System info: host: &apos;KCSPL000&apos;, ip: &apos;192.168.1.68&apos;, os.name: &apos;Windows 7&apos;, os.arch: &apos;amd64&apos;, os.version: &apos;6.1&apos;, java.version: &apos;1.7.0_09&apos;
Session ID: 342691c9-f016-4401-810e-0dd30faca72e
Driver info: org.openqa.selenium.firefox.FirefoxDriver
Capabilities [{platform=WINDOWS, acceptSslCerts=true, javascriptEnabled=true, cssSelectorsEnabled=true, databaseEnabled=true, browserName=firefox, handlesAlerts=true, nativeEvents=false, webStorageEnabled=true, rotatable=false, locationContextEnabled=true, applicationCacheEnabled=true, takesScreenshot=true, version=39.0}]
	at org.openqa.selenium.remote.ErrorHandler.createThrowable(ErrorHandler.java:206)
	at org.openqa.selenium.remote.ErrorHandler.throwIfResponseFailed(ErrorHandler.java:158)
	at org.openqa.selenium.remote.RemoteWebDriver.execute(RemoteWebDriver.java:678)
	at org.openqa.selenium.remote.RemoteWebDriver.execute(RemoteWebDriver.java:701)
	at org.openqa.selenium.remote.RemoteWebDriver$RemoteTargetLocator.alert(RemoteWebDriver.java:1047)
	at Login.InvalidTestCase.InvalidPwdwithEmailID(InvalidTestCase.java:279)
... Removed 28 stack frames</div></td></tr></table><p class="totop"><a href="#summary">back to summary</a></p><h3 id="m7">Login.InvalidTestCase#InvalidPwdwithHconnectID</h3><table class="result"><tr><th>Exception</th></tr><tr><td><div class="stacktrace">org.openqa.selenium.NoAlertPresentException: No alert is present (WARNING: The server did not provide any stacktrace information)
Command duration or timeout: 2.21 seconds
Build info: version: &apos;2.50.1&apos;, revision: &apos;d7fc91b&apos;, time: &apos;2016-01-29 19:04:49&apos;
System info: host: &apos;KCSPL000&apos;, ip: &apos;192.168.1.68&apos;, os.name: &apos;Windows 7&apos;, os.arch: &apos;amd64&apos;, os.version: &apos;6.1&apos;, java.version: &apos;1.7.0_09&apos;
Session ID: 7250964f-d660-4991-873f-de4cf8e48d25
Driver info: org.openqa.selenium.firefox.FirefoxDriver
Capabilities [{platform=WINDOWS, acceptSslCerts=true, javascriptEnabled=true, cssSelectorsEnabled=true, databaseEnabled=true, browserName=firefox, handlesAlerts=true, nativeEvents=false, webStorageEnabled=true, rotatable=false, locationContextEnabled=true, applicationCacheEnabled=true, takesScreenshot=true, version=39.0}]
	at org.openqa.selenium.remote.ErrorHandler.createThrowable(ErrorHandler.java:206)
	at org.openqa.selenium.remote.ErrorHandler.throwIfResponseFailed(ErrorHandler.java:158)
	at org.openqa.selenium.remote.RemoteWebDriver.execute(RemoteWebDriver.java:678)
	at org.openqa.selenium.remote.RemoteWebDriver.execute(RemoteWebDriver.java:701)
	at org.openqa.selenium.remote.RemoteWebDriver$RemoteTargetLocator.alert(RemoteWebDriver.java:1047)
	at Login.InvalidTestCase.InvalidPwdwithHconnectID(InvalidTestCase.java:211)
... Removed 28 stack frames</div></td></tr></table><p class="totop"><a href="#summary">back to summary</a></p><h3 id="m8">Login.InvalidTestCase#InvalidPwdwithMobile</h3><table class="result"><tr><th>Exception</th></tr><tr><td><div class="stacktrace">org.openqa.selenium.NoAlertPresentException: No alert is present (WARNING: The server did not provide any stacktrace information)
Command duration or timeout: 2.15 seconds
Build info: version: &apos;2.50.1&apos;, revision: &apos;d7fc91b&apos;, time: &apos;2016-01-29 19:04:49&apos;
System info: host: &apos;KCSPL000&apos;, ip: &apos;192.168.1.68&apos;, os.name: &apos;Windows 7&apos;, os.arch: &apos;amd64&apos;, os.version: &apos;6.1&apos;, java.version: &apos;1.7.0_09&apos;
Session ID: 942ae114-e8db-4c12-a566-6ecc5ec920f1
Driver info: org.openqa.selenium.firefox.FirefoxDriver
Capabilities [{platform=WINDOWS, acceptSslCerts=true, javascriptEnabled=true, cssSelectorsEnabled=true, databaseEnabled=true, browserName=firefox, handlesAlerts=true, nativeEvents=false, webStorageEnabled=true, rotatable=false, locationContextEnabled=true, applicationCacheEnabled=true, takesScreenshot=true, version=39.0}]
	at org.openqa.selenium.remote.ErrorHandler.createThrowable(ErrorHandler.java:206)
	at org.openqa.selenium.remote.ErrorHandler.throwIfResponseFailed(ErrorHandler.java:158)
	at org.openqa.selenium.remote.RemoteWebDriver.execute(RemoteWebDriver.java:678)
	at org.openqa.selenium.remote.RemoteWebDriver.execute(RemoteWebDriver.java:701)
	at org.openqa.selenium.remote.RemoteWebDriver$RemoteTargetLocator.alert(RemoteWebDriver.java:1047)
	at Login.InvalidTestCase.InvalidPwdwithMobile(InvalidTestCase.java:143)
... Removed 28 stack frames</div></td></tr></table><p class="totop"><a href="#summary">back to summary</a></p><h3 id="m9">MyProfile.MyProfile#AddPersonalInformation</h3><table class="result"><tr><th>Exception</th></tr><tr><td><div class="stacktrace">java.lang.AssertionError: expected [Personal Profile Updated Successfully .] but found [true]
	at MyProfile.MyProfile.AddPersonalInformation(MyProfile.java:60)
... Removed 28 stack frames</div></td></tr></table><p class="totop"><a href="#summary">back to summary</a></p><h3 id="m10">VerifyReport.VerifyReports#BoneDatewiseReport</h3><table class="result"><tr><th>Exception</th></tr><tr><td><div class="stacktrace">org.openqa.selenium.WebDriverException: Element is not clickable at point (431.5, 220). Other element would receive the click: &lt;div id=&quot;blur&quot; class=&quot;blur&quot; style=&quot;height: 848px; width: 1583px;&quot;&gt;&lt;/div&gt; (WARNING: The server did not provide any stacktrace information)
Command duration or timeout: 8 milliseconds
Build info: version: &apos;2.50.1&apos;, revision: &apos;d7fc91b&apos;, time: &apos;2016-01-29 19:04:49&apos;
System info: host: &apos;KCSPL000&apos;, ip: &apos;192.168.1.68&apos;, os.name: &apos;Windows 7&apos;, os.arch: &apos;amd64&apos;, os.version: &apos;6.1&apos;, java.version: &apos;1.7.0_09&apos;
Session ID: 34ba3dfd-fa87-43d8-b303-7e00602ae662
Driver info: org.openqa.selenium.firefox.FirefoxDriver
Capabilities [{platform=WINDOWS, acceptSslCerts=true, javascriptEnabled=true, cssSelectorsEnabled=true, databaseEnabled=true, browserName=firefox, handlesAlerts=true, nativeEvents=false, webStorageEnabled=true, rotatable=false, locationContextEnabled=true, applicationCacheEnabled=true, takesScreenshot=true, version=39.0}]
	at org.openqa.selenium.remote.ErrorHandler.createThrowable(ErrorHandler.java:206)
	at org.openqa.selenium.remote.ErrorHandler.throwIfResponseFailed(ErrorHandler.java:158)
	at org.openqa.selenium.remote.RemoteWebDriver.execute(RemoteWebDriver.java:678)
	at org.openqa.selenium.remote.RemoteExecuteMethod.execute(RemoteExecuteMethod.java:35)
	at org.openqa.selenium.remote.RemoteMouse.click(RemoteMouse.java:59)
	at org.openqa.selenium.interactions.ClickAction.perform(ClickAction.java:37)
	at org.openqa.selenium.interactions.CompositeAction.perform(CompositeAction.java:50)
	at org.openqa.selenium.interactions.Actions.perform(Actions.java:373)
	at VerifyReport.VerifyReports.BoneDatewiseReport(VerifyReports.java:41)
... Removed 28 stack frames</div></td></tr></table><p class="totop"><a href="#summary">back to summary</a></p><h3 id="m11">VerifyReport.VerifyReports#GlucoseDatewiseReport</h3><table class="result"><tr><th>Exception</th></tr><tr><td><div class="stacktrace">org.openqa.selenium.WebDriverException: Element is not clickable at point (431.5, 220). Other element would receive the click: &lt;div id=&quot;blur&quot; class=&quot;blur&quot; style=&quot;height: 848px; width: 1583px;&quot;&gt;&lt;/div&gt; (WARNING: The server did not provide any stacktrace information)
Command duration or timeout: 10 milliseconds
Build info: version: &apos;2.50.1&apos;, revision: &apos;d7fc91b&apos;, time: &apos;2016-01-29 19:04:49&apos;
System info: host: &apos;KCSPL000&apos;, ip: &apos;192.168.1.68&apos;, os.name: &apos;Windows 7&apos;, os.arch: &apos;amd64&apos;, os.version: &apos;6.1&apos;, java.version: &apos;1.7.0_09&apos;
Session ID: 31ed69cc-068d-4c36-801b-7f1d097485a2
Driver info: org.openqa.selenium.firefox.FirefoxDriver
Capabilities [{platform=WINDOWS, acceptSslCerts=true, javascriptEnabled=true, cssSelectorsEnabled=true, databaseEnabled=true, browserName=firefox, handlesAlerts=true, nativeEvents=false, webStorageEnabled=true, rotatable=false, locationContextEnabled=true, applicationCacheEnabled=true, takesScreenshot=true, version=39.0}]
	at org.openqa.selenium.remote.ErrorHandler.createThrowable(ErrorHandler.java:206)
	at org.openqa.selenium.remote.ErrorHandler.throwIfResponseFailed(ErrorHandler.java:158)
	at org.openqa.selenium.remote.RemoteWebDriver.execute(RemoteWebDriver.java:678)
	at org.openqa.selenium.remote.RemoteExecuteMethod.execute(RemoteExecuteMethod.java:35)
	at org.openqa.selenium.remote.RemoteMouse.click(RemoteMouse.java:59)
	at org.openqa.selenium.interactions.ClickAction.perform(ClickAction.java:37)
	at org.openqa.selenium.interactions.CompositeAction.perform(CompositeAction.java:50)
	at org.openqa.selenium.interactions.Actions.perform(Actions.java:373)
	at VerifyReport.VerifyReports.GlucoseDatewiseReport(VerifyReports.java:85)
... Removed 28 stack frames</div></td></tr></table><p class="totop"><a href="#summary">back to summary</a></p><h3 id="m12">Dashboard.DashboardFunctionalTestCase#VerifyAllergy</h3><table class="result"></table><p class="totop"><a href="#summary">back to summary</a></p><h3 id="m13">Dashboard.DashboardFunctionalTestCase#VerifyDashboard</h3><table class="result"></table><p class="totop"><a href="#summary">back to summary</a></p><h3 id="m14">Dashboard.DashboardFunctionalTestCase#VerifyExercise</h3><table class="result"></table><p class="totop"><a href="#summary">back to summary</a></p><h3 id="m15">Dashboard.DashboardFunctionalTestCase#VerifyHealthEducation</h3><table class="result"></table><p class="totop"><a href="#summary">back to summary</a></p><h3 id="m16">Dashboard.DashboardFunctionalTestCase#VerifyHome</h3><table class="result"></table><p class="totop"><a href="#summary">back to summary</a></p><h3 id="m17">Dashboard.DashboardFunctionalTestCase#VerifyMedicalCondition</h3><table class="result"></table><p class="totop"><a href="#summary">back to summary</a></p><h3 id="m18">Dashboard.DashboardFunctionalTestCase#VerifyMedication</h3><table class="result"></table><p class="totop"><a href="#summary">back to summary</a></p><h3 id="m19">Dashboard.DashboardFunctionalTestCase#VerifyMyDiet</h3><table class="result"></table><p class="totop"><a href="#summary">back to summary</a></p><h3 id="m20">Dashboard.DashboardFunctionalTestCase#VerifyProfile</h3><table class="result"></table><p class="totop"><a href="#summary">back to summary</a></p><h3 id="m21">EMC.EmergencyCardDetails#Edit</h3><table class="result"></table><p class="totop"><a href="#summary">back to summary</a></p><h3 id="m22">EMC.EmergencyCardDetails#Print</h3><table class="result"></table><p class="totop"><a href="#summary">back to summary</a></p><h3 id="m23">EMC.EmergencyCardDetails#Share</h3><table class="result"></table><p class="totop"><a href="#summary">back to summary</a></p><h3 id="m24">EMC.EmergencyCardDetails#View</h3><table class="result"></table><p class="totop"><a href="#summary">back to summary</a></p><h3 id="m25">Login.FunctionalTestCase#LoginwithEmail</h3><table class="result"></table><p class="totop"><a href="#summary">back to summary</a></p><h3 id="m26">Login.FunctionalTestCase#LoginwithHconnectID</h3><table class="result"></table><p class="totop"><a href="#summary">back to summary</a></p><h3 id="m27">Login.FunctionalTestCase#LoginwithMobile</h3><table class="result"></table><p class="totop"><a href="#summary">back to summary</a></p><h3 id="m28">Reports.ReportFunctionalTestCase#AddBloodReports</h3><table class="result"></table><p class="totop"><a href="#summary">back to summary</a></p><h3 id="m29">Reports.ReportFunctionalTestCase#AddBoneReports</h3><table class="result"></table><p class="totop"><a href="#summary">back to summary</a></p><h3 id="m30">Reports.ReportFunctionalTestCase#AddGlucoseReports</h3><table class="result"></table><p class="totop"><a href="#summary">back to summary</a></p><h3 id="m31">VerifyReport.VerifyReports#BloodDatewiseReport</h3><table class="result"></table><p class="totop"><a href="#summary">back to summary</a></p></body></html>